testapps/BLEapp/android/app/build/intermediates/manifest_merge_blame_file/debug/manifest-merger-blame-debug-report.txt
1<?xml version="1.0" encoding="utf-8"?>
2<manifest xmlns:android="http://schemas.android.com/apk/res/android"
3    package="com.bleapp"
4    android:versionCode="1"
5    android:versionName="1.0" >
6
7    <uses-sdk
8        android:minSdkVersion="18"
9        android:targetSdkVersion="29" />
10
11    <uses-permission android:name="android.permission.SYSTEM_ALERT_WINDOW" />
11-->src/debug/AndroidManifest.xml:5:5-77
11-->src/debug/AndroidManifest.xml:5:22-75
12
13    <uses-feature android:name="android.hardware.bluetooth" />
13-->src/main/AndroidManifest.xml:3:5-63
13-->src/main/AndroidManifest.xml:3:19-60
14
15    <uses-permission android:name="android.permission.ACCESS_COARSE_LOCATION" />
15-->src/main/AndroidManifest.xml:4:5-81
15-->src/main/AndroidManifest.xml:4:22-78
16    <uses-permission android:name="android.permission.ACCESS_FINE_LOCATION" />
16-->src/main/AndroidManifest.xml:5:5-79
16-->src/main/AndroidManifest.xml:5:22-76
17    <uses-permission android:name="android.permission.INTERNET" />
17-->src/main/AndroidManifest.xml:6:5-67
17-->src/main/AndroidManifest.xml:6:22-64
18    <uses-permission android:name="android.permission.BLUETOOTH" />
18-->src/main/AndroidManifest.xml:7:5-67
18-->src/main/AndroidManifest.xml:7:22-65
19    <uses-permission android:name="android.permission.BLUETOOTH_ADMIN" />
19-->src/main/AndroidManifest.xml:8:5-73
19-->src/main/AndroidManifest.xml:8:22-71
20
21    <uses-permission-sdk-23 android:name="android.permission.ACCESS_FINE_LOCATION" />
21-->src/main/AndroidManifest.xml:9:5-85
21-->src/main/AndroidManifest.xml:9:29-83
22
23    <uses-feature
23-->src/main/AndroidManifest.xml:10:5-89
24        android:name="android.hardware.bluetooth_le"
24-->src/main/AndroidManifest.xml:10:19-63
25        android:required="true" />
25-->src/main/AndroidManifest.xml:10:64-87
26
27    <uses-permission android:name="android.permission.ACCESS_WIFI_STATE" />
27-->[com.facebook.flipper:flipper:0.54.0] AndroidManifest.xml:16:5-76
27-->[com.facebook.flipper:flipper:0.54.0] AndroidManifest.xml:16:22-73
28
29    <uses-permission-sdk-23 android:name="android.permission.ACCESS_COARSE_LOCATION" />
29-->[com.github.Polidea:MultiPlatformBleAdapter:0.1.7] AndroidManifest.xml:14:5-88
29-->[com.github.Polidea:MultiPlatformBleAdapter:0.1.7] AndroidManifest.xml:14:29-85
30
31    <application
31-->src/main/AndroidManifest.xml:11:5-30:19
32        android:name="com.bleapp.MainApplication"
32-->src/main/AndroidManifest.xml:12:7-38
33        android:allowBackup="false"
33-->src/main/AndroidManifest.xml:16:7-34
34        android:appComponentFactory="androidx.core.app.CoreComponentFactory"
34-->[androidx.core:core:1.1.0] AndroidManifest.xml:24:18-86
35        android:debuggable="true"
36        android:icon="@mipmap/ic_launcher"
36-->src/main/AndroidManifest.xml:14:7-41
37        android:label="@string/app_name"
37-->src/main/AndroidManifest.xml:13:7-39
38        android:roundIcon="@mipmap/ic_launcher_round"
38-->src/main/AndroidManifest.xml:15:7-52
39        android:theme="@style/AppTheme"
39-->src/main/AndroidManifest.xml:17:7-38
40        android:usesCleartextTraffic="true" >
40-->src/debug/AndroidManifest.xml:7:18-53
41        <activity
41-->src/main/AndroidManifest.xml:18:7-28:18
42            android:name="com.bleapp.MainActivity"
42-->src/main/AndroidManifest.xml:19:9-37
43            android:configChanges="keyboard|keyboardHidden|orientation|screenSize|uiMode"
43-->src/main/AndroidManifest.xml:21:9-86
44            android:label="@string/app_name"
44-->src/main/AndroidManifest.xml:20:9-41
45            android:launchMode="singleTask"
45-->src/main/AndroidManifest.xml:22:9-40
46            android:windowSoftInputMode="adjustResize" >
46-->src/main/AndroidManifest.xml:23:9-51
47            <intent-filter>
47-->src/main/AndroidManifest.xml:24:9-27:25
48                <action android:name="android.intent.action.MAIN" />
48-->src/main/AndroidManifest.xml:25:13-65
48-->src/main/AndroidManifest.xml:25:21-62
49
50                <category android:name="android.intent.category.LAUNCHER" />
50-->src/main/AndroidManifest.xml:26:13-73
50-->src/main/AndroidManifest.xml:26:23-70
51            </intent-filter>
52        </activity>
53        <activity android:name="com.facebook.react.devsupport.DevSettingsActivity" />
53-->src/main/AndroidManifest.xml:29:7-84
53-->src/main/AndroidManifest.xml:29:17-81
54    </application>
55
56</manifest>